<?xml version="1.0" encoding="UTF-8"?>
<testng-results ignored="0" total="0" passed="0" failed="0" skipped="0">
  <reporter-output>
  </reporter-output>
  <suite started-at="2022-12-08T10:45:19 CET" name="org.Shoppingoo.utilities.BaseTest" finished-at="2022-12-08T10:45:19 CET" duration-ms="15">
    <groups>
    </groups>
    <test started-at="2022-12-08T10:45:19 CET" name="Command line test" finished-at="2022-12-08T10:45:19 CET" duration-ms="15">
    </test> <!-- Command line test -->
  </suite> <!-- org.Shoppingoo.utilities.BaseTest -->
</testng-results>
